# JRE version: OpenJDK Runtime Environment (8.0_152-b01) (build 1.8.0_152-release-1343-b01)
# Java VM: OpenJDK 64-Bit Server VM (25.152-b01 mixed mode bsd-amd64 compressed oops)
Heap:
 PSYoungGen      total 428032K, used 4696K [0x00000007a0000000, 0x00000007bef80000, 0x00000007c0000000)
  eden space 352768K, 0% used [0x00000007a0000000,0x00000007a0000000,0x00000007b5880000)
  from space 75264K, 6% used [0x00000007ba600000,0x00000007baa96030,0x00000007bef80000)
  to   space 77312K, 0% used [0x00000007b5880000,0x00000007b5880000,0x00000007ba400000)
 ParOldGen       total 1048576K, used 311064K [0x0000000760000000, 0x00000007a0000000, 0x00000007a0000000)
  object space 1048576K, 29% used [0x0000000760000000,0x0000000772fc6250,0x00000007a0000000)
 Metaspace       used 378209K, capacity 400245K, committed 400344K, reserved 1400832K
  class space    used 45880K, capacity 49867K, committed 49880K, reserved 1048576K
GC Heap History (10 events):
Event: 36309.922 GC heap after
Heap after GC invocations=589 (full 33):
 PSYoungGen      total 415744K, used 8729K [0x00000007a0000000, 0x00000007bf400000, 0x00000007c0000000)
  eden space 316416K, 0% used [0x00000007a0000000,0x00000007a0000000,0x00000007b3500000)
  from space 99328K, 8% used [0x00000007b9200000,0x00000007b9a86770,0x00000007bf300000)
  to   space 95232K, 0% used [0x00000007b3500000,0x00000007b3500000,0x00000007b9200000)
 ParOldGen       total 1048576K, used 263916K [0x0000000760000000, 0x00000007a0000000, 0x00000007a0000000)
  object space 1048576K, 25% used [0x0000000760000000,0x00000007701bb258,0x00000007a0000000)
 Metaspace       used 353265K, capacity 372797K, committed 373592K, reserved 1376256K
  class space    used 42641K, capacity 46111K, committed 46168K, reserved 1048576K
}
Event: 36324.713 GC heap before
{Heap before GC invocations=590 (full 33):
 PSYoungGen      total 415744K, used 325145K [0x00000007a0000000, 0x00000007bf400000, 0x00000007c0000000)
  eden space 316416K, 100% used [0x00000007a0000000,0x00000007b3500000,0x00000007b3500000)
  from space 99328K, 8% used [0x00000007b9200000,0x00000007b9a86770,0x00000007bf300000)
  to   space 95232K, 0% used [0x00000007b3500000,0x00000007b3500000,0x00000007b9200000)
 ParOldGen       total 1048576K, used 263916K [0x0000000760000000, 0x00000007a0000000, 0x00000007a0000000)
  object space 1048576K, 25% used [0x0000000760000000,0x00000007701bb258,0x00000007a0000000)
 Metaspace       used 368540K, capacity 389291K, committed 389592K, reserved 1390592K
  class space    used 44776K, capacity 48515K, committed 48600K, reserved 1048576K
Event: 36324.798 GC heap after
Heap after GC invocations=590 (full 33):
 PSYoungGen      total 411648K, used 31659K [0x00000007a0000000, 0x00000007bf300000, 0x00000007c0000000)
  eden space 316416K, 0% used [0x00000007a0000000,0x00000007a0000000,0x00000007b3500000)
  from space 95232K, 33% used [0x00000007b3500000,0x00000007b53eac80,0x00000007b9200000)
  to   space 90624K, 0% used [0x00000007b9a80000,0x00000007b9a80000,0x00000007bf300000)
 ParOldGen       total 1048576K, used 267290K [0x0000000760000000, 0x00000007a0000000, 0x00000007a0000000)
  object space 1048576K, 25% used [0x0000000760000000,0x0000000770506b70,0x00000007a0000000)
 Metaspace       used 368540K, capacity 389291K, committed 389592K, reserved 1390592K
  class space    used 44776K, capacity 48515K, committed 48600K, reserved 1048576K
}
Event: 36339.810 GC heap before
{Heap before GC invocations=591 (full 33):
 PSYoungGen      total 411648K, used 348075K [0x00000007a0000000, 0x00000007bf300000, 0x00000007c0000000)
  eden space 316416K, 100% used [0x00000007a0000000,0x00000007b3500000,0x00000007b3500000)
  from space 95232K, 33% used [0x00000007b3500000,0x00000007b53eac80,0x00000007b9200000)
  to   space 90624K, 0% used [0x00000007b9a80000,0x00000007b9a80000,0x00000007bf300000)
 ParOldGen       total 1048576K, used 267290K [0x0000000760000000, 0x00000007a0000000, 0x00000007a0000000)
  object space 1048576K, 25% used [0x0000000760000000,0x0000000770506b70,0x00000007a0000000)
 Metaspace       used 373726K, capacity 395395K, committed 395608K, reserved 1396736K
  class space    used 45311K, capacity 49231K, committed 49240K, reserved 1048576K
Event: 36339.919 GC heap after
Heap after GC invocations=591 (full 33):
 PSYoungGen      total 422912K, used 25742K [0x00000007a0000000, 0x00000007bef80000, 0x00000007c0000000)
  eden space 335872K, 0% used [0x00000007a0000000,0x00000007a0000000,0x00000007b4800000)
  from space 87040K, 29% used [0x00000007b9a80000,0x00000007bb3a3ab0,0x00000007bef80000)
  to   space 84480K, 0% used [0x00000007b4800000,0x00000007b4800000,0x00000007b9a80000)
 ParOldGen       total 1048576K, used 284087K [0x0000000760000000, 0x00000007a0000000, 0x00000007a0000000)
  object space 1048576K, 27% used [0x0000000760000000,0x000000077156deb0,0x00000007a0000000)
 Metaspace       used 373726K, capacity 395395K, committed 395608K, reserved 1396736K
  class space    used 45311K, capacity 49231K, committed 49240K, reserved 1048576K
}
Event: 36370.307 GC heap before
{Heap before GC invocations=592 (full 33):
 PSYoungGen      total 422912K, used 361614K [0x00000007a0000000, 0x00000007bef80000, 0x00000007c0000000)
  eden space 335872K, 100% used [0x00000007a0000000,0x00000007b4800000,0x00000007b4800000)
  from space 87040K, 29% used [0x00000007b9a80000,0x00000007bb3a3ab0,0x00000007bef80000)
  to   space 84480K, 0% used [0x00000007b4800000,0x00000007b4800000,0x00000007b9a80000)
 ParOldGen       total 1048576K, used 284087K [0x0000000760000000, 0x00000007a0000000, 0x00000007a0000000)
  object space 1048576K, 27% used [0x0000000760000000,0x000000077156deb0,0x00000007a0000000)
 Metaspace       used 375441K, capacity 397427K, committed 397656K, reserved 1396736K
  class space    used 45531K, capacity 49494K, committed 49496K, reserved 1048576K
Event: 36370.375 GC heap after
Heap after GC invocations=592 (full 33):
 PSYoungGen      total 420352K, used 20308K [0x00000007a0000000, 0x00000007bf380000, 0x00000007c0000000)
  eden space 335872K, 0% used [0x00000007a0000000,0x00000007a0000000,0x00000007b4800000)
  from space 84480K, 24% used [0x00000007b4800000,0x00000007b5bd5118,0x00000007b9a80000)
  to   space 79360K, 0% used [0x00000007ba600000,0x00000007ba600000,0x00000007bf380000)
 ParOldGen       total 1048576K, used 302555K [0x0000000760000000, 0x00000007a0000000, 0x00000007a0000000)
  object space 1048576K, 28% used [0x0000000760000000,0x0000000772776c28,0x00000007a0000000)
 Metaspace       used 375441K, capacity 397427K, committed 397656K, reserved 1396736K
  class space    used 45531K, capacity 49494K, committed 49496K, reserved 1048576K
}
Event: 36374.141 GC heap before
{Heap before GC invocations=593 (full 33):
 PSYoungGen      total 420352K, used 161561K [0x00000007a0000000, 0x00000007bf380000, 0x00000007c0000000)
  eden space 335872K, 42% used [0x00000007a0000000,0x00000007a89f1450,0x00000007b4800000)
  from space 84480K, 24% used [0x00000007b4800000,0x00000007b5bd5118,0x00000007b9a80000)
  to   space 79360K, 0% used [0x00000007ba600000,0x00000007ba600000,0x00000007bf380000)
 ParOldGen       total 1048576K, used 302555K [0x0000000760000000, 0x00000007a0000000, 0x00000007a0000000)
  object space 1048576K, 28% used [0x0000000760000000,0x0000000772776c28,0x00000007a0000000)
 Metaspace       used 378209K, capacity 400245K, committed 400344K, reserved 1400832K
  class space    used 45880K, capacity 49867K, committed 49880K, reserved 1048576K
Event: 36374.180 GC heap after
Heap after GC invocations=593 (full 33):
 PSYoungGen      total 428032K, used 4696K [0x00000007a0000000, 0x00000007bef80000, 0x00000007c0000000)
  eden space 352768K, 0% used [0x00000007a0000000,0x00000007a0000000,0x00000007b5880000)
  from space 75264K, 6% used [0x00000007ba600000,0x00000007baa96030,0x00000007bef80000)
  to   space 77312K, 0% used [0x00000007b5880000,0x00000007b5880000,0x00000007ba400000)
 ParOldGen       total 1048576K, used 311064K [0x0000000760000000, 0x00000007a0000000, 0x00000007a0000000)
  object space 1048576K, 29% used [0x0000000760000000,0x0000000772fc6250,0x00000007a0000000)
 Metaspace       used 378209K, capacity 400245K, committed 400344K, reserved 1400832K
  class space    used 45880K, capacity 49867K, committed 49880K, reserved 1048576K
}
Event: 36374.180 GC heap before
{Heap before GC invocations=594 (full 34):
 PSYoungGen      total 428032K, used 4696K [0x00000007a0000000, 0x00000007bef80000, 0x00000007c0000000)
  eden space 352768K, 0% used [0x00000007a0000000,0x00000007a0000000,0x00000007b5880000)
  from space 75264K, 6% used [0x00000007ba600000,0x00000007baa96030,0x00000007bef80000)
  to   space 77312K, 0% used [0x00000007b5880000,0x00000007b5880000,0x00000007ba400000)
 ParOldGen       total 1048576K, used 311064K [0x0000000760000000, 0x00000007a0000000, 0x00000007a0000000)
  object space 1048576K, 29% used [0x0000000760000000,0x0000000772fc6250,0x00000007a0000000)
 Metaspace       used 378209K, capacity 400245K, committed 400344K, reserved 1400832K
  class space    used 45880K, capacity 49867K, committed 49880K, reserved 1048576K

